<?xml version="1.0" encoding="UTF-8"?>
<testng-results skipped="0" failed="0" ignored="0" total="4" passed="4">
  <reporter-output>
  </reporter-output>
  <suite name="Suite" duration-ms="97" started-at="2019-07-15T08:00:13Z" finished-at="2019-07-15T08:00:13Z">
    <groups>
    </groups>
    <test name="Test" duration-ms="97" started-at="2019-07-15T08:00:13Z" finished-at="2019-07-15T08:00:13Z">
      <class name="qaclickacademy.RESTAPITest">
        <test-method status="PASS" signature="deleteTwitter()[pri:0, instance:qaclickacademy.RESTAPITest@53f65459]" name="deleteTwitter" duration-ms="2" started-at="2019-07-15T13:30:13Z" finished-at="2019-07-15T13:30:13Z">
          <reporter-output>
          </reporter-output>
        </test-method> <!-- deleteTwitter -->
        <test-method status="PASS" signature="postJira()[pri:0, instance:qaclickacademy.RESTAPITest@53f65459]" name="postJira" duration-ms="1" started-at="2019-07-15T13:30:13Z" finished-at="2019-07-15T13:30:13Z">
          <reporter-output>
          </reporter-output>
        </test-method> <!-- postJira -->
      </class> <!-- qaclickacademy.RESTAPITest -->
      <class name="qaclickacademy.SeleniumTest">
        <test-method status="PASS" signature="BrowserAutomation()[pri:0, instance:qaclickacademy.SeleniumTest@167fdd33]" name="BrowserAutomation" duration-ms="18" started-at="2019-07-15T13:30:13Z" finished-at="2019-07-15T13:30:13Z">
          <reporter-output>
          </reporter-output>
        </test-method> <!-- BrowserAutomation -->
        <test-method status="PASS" signature="ElementsUI()[pri:0, instance:qaclickacademy.SeleniumTest@167fdd33]" name="ElementsUI" duration-ms="0" started-at="2019-07-15T13:30:13Z" finished-at="2019-07-15T13:30:13Z">
          <reporter-output>
          </reporter-output>
        </test-method> <!-- ElementsUI -->
      </class> <!-- qaclickacademy.SeleniumTest -->
    </test> <!-- Test -->
  </suite> <!-- Suite -->
</testng-results>
